2025-11-11 09:46:02 info: 游릭 Database connection established successfully
2025-11-11 09:46:02 info: 游릭 Database ping successful
2025-11-11 09:46:02 info: Connected to the database.
2025-11-11 09:46:02 info: Settings initialized.
2025-11-11 09:46:03 warn: 游댮 Unable to connect to email server. Make sure you have configured the SMTP options in .env
2025-11-11 09:46:03 error: Failed to initialize email server.
2025-11-11 09:46:03 info: Monthly report generation scheduled for the end of month at Sun Nov 30 2025 23:55:00 GMT+0100 (West Africa Standard Time)
2025-11-11 09:46:03 info: Scheduler initialized successfully with cron jobs
2025-11-11 09:46:03 info: Report scheduler initialized with cron jobs.
2025-11-11 09:53:27 warn: 丘멆잺 Database connection lost. Attempting to reconnect...
2025-11-11 09:53:29 info: 游릭 Database connection re-established
2025-11-11 11:04:55 info: Generated report data: 6 items for type pharmacy-reviews
2025-11-11 11:04:55 info: Starting PDF generation for pharmacy-reviews with 6 items
2025-11-11 11:04:55 info: Adding cover page...
2025-11-11 11:04:55 info: Adding content page...
2025-11-11 11:04:55 info: Adding header to content page...
2025-11-11 11:04:55 info: Content will start at Y position: 100
2025-11-11 11:04:55 info: Adding data table at Y position: 231.344
2025-11-11 11:04:55 info: Rendering 6 rows for pharmacy-reviews report
2025-11-11 11:04:55 info: Table complete, Y position now: 460.546
2025-11-11 11:04:55 info: Adding summary section at Y position: 460.546
2025-11-11 11:04:55 info: Finalizing PDF document...
2025-11-11 11:08:05 info: Generated report data: 6 items for type pharmacy-reviews
2025-11-11 11:08:05 info: Starting PDF generation for pharmacy-reviews with 6 items
2025-11-11 11:08:05 info: Adding cover page...
2025-11-11 11:08:05 info: Adding content page...
2025-11-11 11:08:05 info: Adding header to content page...
2025-11-11 11:08:05 info: Content will start at Y position: 100
2025-11-11 11:08:05 info: Adding data table at Y position: 231.344
2025-11-11 11:08:05 info: Rendering 6 rows for pharmacy-reviews report
2025-11-11 11:08:05 info: Table complete, Y position now: 460.546
2025-11-11 11:08:05 info: Adding summary section at Y position: 460.546
2025-11-11 11:08:05 info: Finalizing PDF document...
2025-11-11 11:15:38 info: Generated report data: 6 items for type pharmacy-reviews
2025-11-11 11:15:38 info: Starting PDF generation for pharmacy-reviews with 6 items
2025-11-11 11:15:38 info: Adding cover page...
2025-11-11 11:15:39 info: Adding content page...
2025-11-11 11:15:39 info: Adding header to content page...
2025-11-11 11:15:39 info: Content will start at Y position: 100
2025-11-11 11:15:39 info: Adding data table at Y position: 231.344
2025-11-11 11:15:39 info: Rendering 6 rows for pharmacy-reviews report
2025-11-11 11:15:39 info: Table complete, Y position now: 460.546
2025-11-11 11:15:39 info: Adding summary section at Y position: 460.546
2025-11-11 11:15:39 info: Finalizing PDF document...
2025-11-11 11:19:17 info: Fetching real client data from feedback sessions
2025-11-11 11:19:17 info: Retrieved 6 clients from feedback sessions (total: 6)
2025-11-11 11:19:17 info: Filtered clients by date range: 0 clients match the criteria
2025-11-11 11:19:17 info: Returning 0 formatted clients for report
2025-11-11 11:19:17 info: Generated report data: 0 items for type clients
2025-11-11 11:19:17 info: Starting PDF generation for clients with 0 items
2025-11-11 11:19:17 info: Adding cover page...
2025-11-11 11:19:17 info: Adding content page...
2025-11-11 11:19:17 info: Adding header to content page...
2025-11-11 11:19:17 info: Content will start at Y position: 100
2025-11-11 11:19:17 info: Finalizing PDF document...
2025-11-11 11:21:50 info: 游릭 Database connection established successfully
2025-11-11 11:21:50 info: 游릭 Database ping successful
2025-11-11 11:21:50 info: Connected to the database.
2025-11-11 11:21:50 info: Settings initialized.
2025-11-11 11:21:50 warn: 游댮 Unable to connect to email server. Make sure you have configured the SMTP options in .env
2025-11-11 11:21:50 error: Failed to initialize email server.
2025-11-11 11:21:50 info: Monthly report generation scheduled for the end of month at Sun Nov 30 2025 23:55:00 GMT+0100 (West Africa Standard Time)
2025-11-11 11:21:50 info: Scheduler initialized successfully with cron jobs
2025-11-11 11:21:50 info: Report scheduler initialized with cron jobs.
2025-11-11 11:22:16 info: 游릭 Database connection established successfully
2025-11-11 11:22:16 info: 游릭 Database ping successful
2025-11-11 11:22:16 info: Connected to the database.
2025-11-11 11:22:16 info: Settings initialized.
2025-11-11 11:22:16 warn: 游댮 Unable to connect to email server. Make sure you have configured the SMTP options in .env
2025-11-11 11:22:16 error: Failed to initialize email server.
2025-11-11 11:22:16 info: Monthly report generation scheduled for the end of month at Sun Nov 30 2025 23:55:00 GMT+0100 (West Africa Standard Time)
2025-11-11 11:22:16 info: Scheduler initialized successfully with cron jobs
2025-11-11 11:22:16 info: Report scheduler initialized with cron jobs.
2025-11-11 11:22:58 info: Generated report data: 6 items for type pharmacy-reviews
2025-11-11 11:22:58 info: Starting PDF generation for pharmacy-reviews with 6 items
2025-11-11 11:22:58 info: Adding cover page...
2025-11-11 11:22:58 info: Adding content page...
2025-11-11 11:22:58 info: Adding header to content page...
2025-11-11 11:22:58 info: Content will start at Y position: 100
2025-11-11 11:22:58 info: Adding data table at Y position: 231.344
2025-11-11 11:22:58 info: Rendering 6 rows for pharmacy-reviews report
2025-11-11 11:22:58 info: Table complete, Y position now: 460.546
2025-11-11 11:22:58 info: Adding summary section at Y position: 460.546
2025-11-11 11:22:58 info: Finalizing PDF document...
2025-11-11 11:26:04 info: 游릭 Database connection established successfully
2025-11-11 11:26:04 info: 游릭 Database ping successful
2025-11-11 11:26:04 info: Connected to the database.
2025-11-11 11:26:04 info: Settings initialized.
2025-11-11 11:26:04 warn: 游댮 Unable to connect to email server. Make sure you have configured the SMTP options in .env
2025-11-11 11:26:04 error: Failed to initialize email server.
2025-11-11 11:26:04 info: Monthly report generation scheduled for the end of month at Sun Nov 30 2025 23:55:00 GMT+0100 (West Africa Standard Time)
2025-11-11 11:26:04 info: Scheduler initialized successfully with cron jobs
2025-11-11 11:26:04 info: Report scheduler initialized with cron jobs.
2025-11-11 11:32:32 info: Generated report data: 6 items for type pharmacy-reviews
2025-11-11 11:32:32 info: Starting PDF generation for pharmacy-reviews with 6 items
2025-11-11 11:32:32 info: Adding cover page...
2025-11-11 11:32:32 info: Adding content page...
2025-11-11 11:32:32 info: Adding header to content page...
2025-11-11 11:32:32 info: Content will start at Y position: 100
2025-11-11 11:32:32 info: Adding data table at Y position: 231.344
2025-11-11 11:32:32 info: Rendering 6 rows for pharmacy-reviews report
2025-11-11 11:32:32 info: Table complete, Y position now: 460.546
2025-11-11 11:32:32 info: Adding summary section at Y position: 460.546
2025-11-11 11:32:32 info: Finalizing PDF document...
2025-11-11 11:33:05 info: Generated report data: 6 items for type pharmacy-reviews
2025-11-11 11:33:05 info: Starting PDF generation for pharmacy-reviews with 6 items
2025-11-11 11:33:05 info: Adding cover page...
2025-11-11 11:33:05 info: Adding content page...
2025-11-11 11:33:05 info: Adding header to content page...
2025-11-11 11:33:05 info: Content will start at Y position: 100
2025-11-11 11:33:05 info: Adding data table at Y position: 231.344
2025-11-11 11:33:05 info: Rendering 6 rows for pharmacy-reviews report
2025-11-11 11:33:05 info: Table complete, Y position now: 460.546
2025-11-11 11:33:05 info: Adding summary section at Y position: 460.546
2025-11-11 11:33:05 info: Finalizing PDF document...
2025-11-11 11:33:43 error: Error getting report by ID: Cast to ObjectId failed for value "undefined" (type string) at path "_id" for model "Report"
2025-11-11 15:08:27 warn: 丘멆잺 Database connection lost. Attempting to reconnect...
2025-11-11 15:08:27 warn: 丘멆잺 Database connection lost. Attempting to reconnect...
2025-11-11 15:08:27 warn: 丘멆잺 Database connection lost. Attempting to reconnect...
2025-11-11 15:08:27 warn: 丘멆잺 Database connection lost. Attempting to reconnect...
2025-11-11 15:08:29 info: 游릭 Database connection re-established
2025-11-11 15:08:29 info: 游릭 Database connection re-established
2025-11-11 15:08:29 info: 游릭 Database connection re-established
2025-11-11 15:08:29 info: 游릭 Database connection re-established
2025-11-11 15:34:06 info: 游릭 Database connection established successfully
2025-11-11 15:34:06 info: 游릭 Database ping successful
2025-11-11 15:34:06 info: Connected to the database.
2025-11-11 15:34:06 info: Settings initialized.
2025-11-11 15:34:06 warn: 游댮 Unable to connect to email server. Make sure you have configured the SMTP options in .env
2025-11-11 15:34:06 error: Failed to initialize email server.
2025-11-11 15:34:06 info: Monthly report generation scheduled for the end of month at Sun Nov 30 2025 23:55:00 GMT+0100 (West Africa Standard Time)
2025-11-11 15:34:06 info: Scheduler initialized successfully with cron jobs
2025-11-11 15:34:06 info: Report scheduler initialized with cron jobs.
2025-11-11 15:34:09 info: 游릭 Database connection established successfully
2025-11-11 15:34:09 info: 游릭 Database ping successful
2025-11-11 15:34:09 info: Connected to the database.
2025-11-11 15:34:09 info: Settings initialized.
2025-11-11 15:34:09 warn: 游댮 Unable to connect to email server. Make sure you have configured the SMTP options in .env
2025-11-11 15:34:09 error: Failed to initialize email server.
2025-11-11 15:34:09 info: Monthly report generation scheduled for the end of month at Sun Nov 30 2025 23:55:00 GMT+0100 (West Africa Standard Time)
2025-11-11 15:34:09 info: Scheduler initialized successfully with cron jobs
2025-11-11 15:34:09 info: Report scheduler initialized with cron jobs.
2025-11-11 15:34:11 info: 游릭 Database connection established successfully
2025-11-11 15:34:11 info: 游릭 Database ping successful
2025-11-11 15:34:11 info: Connected to the database.
2025-11-11 15:34:11 info: Settings initialized.
2025-11-11 15:34:11 warn: 游댮 Unable to connect to email server. Make sure you have configured the SMTP options in .env
2025-11-11 15:34:11 error: Failed to initialize email server.
2025-11-11 15:34:11 info: Monthly report generation scheduled for the end of month at Sun Nov 30 2025 23:55:00 GMT+0100 (West Africa Standard Time)
2025-11-11 15:34:11 info: Scheduler initialized successfully with cron jobs
2025-11-11 15:34:11 info: Report scheduler initialized with cron jobs.
2025-11-11 15:34:53 info: 游릭 Database connection established successfully
2025-11-11 15:34:53 info: 游릭 Database ping successful
2025-11-11 15:34:53 info: Connected to the database.
2025-11-11 15:34:53 info: Settings initialized.
2025-11-11 15:34:53 warn: 游댮 Unable to connect to email server. Make sure you have configured the SMTP options in .env
2025-11-11 15:34:53 error: Failed to initialize email server.
2025-11-11 15:34:53 info: Monthly report generation scheduled for the end of month at Sun Nov 30 2025 23:55:00 GMT+0100 (West Africa Standard Time)
2025-11-11 15:34:53 info: Scheduler initialized successfully with cron jobs
2025-11-11 15:34:53 info: Report scheduler initialized with cron jobs.
2025-11-11 15:34:54 info: 游릭 Database connection established successfully
2025-11-11 15:34:54 info: 游릭 Database ping successful
2025-11-11 15:34:54 info: Connected to the database.
2025-11-11 15:34:54 info: Settings initialized.
2025-11-11 15:34:54 warn: 游댮 Unable to connect to email server. Make sure you have configured the SMTP options in .env
2025-11-11 15:34:54 error: Failed to initialize email server.
2025-11-11 15:34:54 info: Monthly report generation scheduled for the end of month at Sun Nov 30 2025 23:55:00 GMT+0100 (West Africa Standard Time)
2025-11-11 15:34:54 info: Scheduler initialized successfully with cron jobs
2025-11-11 15:34:54 info: Report scheduler initialized with cron jobs.
2025-11-11 16:33:02 info: Generated report data: 6 items for type pharmacy-reviews
2025-11-11 16:33:02 info: Starting PDF generation for pharmacy-reviews with 6 items
2025-11-11 16:33:02 info: Adding cover page...
2025-11-11 16:33:02 info: Adding content page...
2025-11-11 16:33:02 info: Adding header to content page...
2025-11-11 16:33:02 info: Content will start at Y position: 100
2025-11-11 16:33:02 info: Adding data table at Y position: 231.344
2025-11-11 16:33:02 info: Rendering 6 rows for pharmacy-reviews report
2025-11-11 16:33:02 info: Table complete, Y position now: 460.546
2025-11-11 16:33:02 info: Adding summary section at Y position: 460.546
2025-11-11 16:33:02 info: Finalizing PDF document...
2025-11-11 16:33:45 error: Error getting report by ID: Cast to ObjectId failed for value "undefined" (type string) at path "_id" for model "Report"
2025-11-11 16:33:50 info: Generated report data: 6 items for type pharmacy-reviews
2025-11-11 18:48:03 info: Generated report data: 6 items for type pharmacy-reviews
2025-11-11 18:48:03 info: Starting PDF generation for pharmacy-reviews with 6 items
2025-11-11 18:48:03 info: Adding cover page...
2025-11-11 18:48:03 info: Adding content page...
2025-11-11 18:48:03 info: Adding header to content page...
2025-11-11 18:48:03 info: Content will start at Y position: 100
2025-11-11 18:48:03 info: Adding data table at Y position: 231.344
2025-11-11 18:48:03 info: Rendering 6 rows for pharmacy-reviews report
2025-11-11 18:48:03 info: Table complete, Y position now: 460.546
2025-11-11 18:48:03 info: Adding summary section at Y position: 460.546
2025-11-11 18:48:03 info: Finalizing PDF document...
2025-11-11 18:48:15 error: Error getting report by ID: Cast to ObjectId failed for value "undefined" (type string) at path "_id" for model "Report"
2025-11-11 18:48:41 info: Generated report data: 6 items for type pharmacy-reviews
2025-11-11 18:48:46 info: Generated report data: 6 items for type pharmacy-reviews
2025-11-11 18:48:46 info: Starting PDF generation for pharmacy-reviews with 6 items
2025-11-11 18:48:46 info: Adding cover page...
2025-11-11 18:48:46 info: Adding content page...
2025-11-11 18:48:46 info: Adding header to content page...
2025-11-11 18:48:46 info: Content will start at Y position: 100
2025-11-11 18:48:46 info: Adding data table at Y position: 231.344
2025-11-11 18:48:46 info: Rendering 6 rows for pharmacy-reviews report
2025-11-11 18:48:46 info: Table complete, Y position now: 460.546
2025-11-11 18:48:46 info: Adding summary section at Y position: 460.546
2025-11-11 18:48:46 info: Finalizing PDF document...
2025-11-11 18:49:58 error: Error getting report by ID: Cast to ObjectId failed for value "undefined" (type string) at path "_id" for model "Report"
2025-11-11 20:16:49 warn: 丘멆잺 Database connection lost. Attempting to reconnect...
2025-11-11 20:16:49 warn: 丘멆잺 Database connection lost. Attempting to reconnect...
2025-11-11 20:16:49 warn: 丘멆잺 Database connection lost. Attempting to reconnect...
2025-11-11 20:16:49 warn: 丘멆잺 Database connection lost. Attempting to reconnect...
2025-11-11 20:16:49 warn: 丘멆잺 Database connection lost. Attempting to reconnect...
2025-11-11 20:16:49 warn: 丘멆잺 Database connection lost. Attempting to reconnect...
2025-11-11 20:16:49 warn: 丘멆잺 Database connection lost. Attempting to reconnect...
2025-11-11 20:16:49 warn: 丘멆잺 Database connection lost. Attempting to reconnect...
2025-11-11 20:16:49 warn: 丘멆잺 Database connection lost. Attempting to reconnect...
2025-11-11 20:16:51 info: 游릭 Database connection re-established
2025-11-11 20:16:51 info: 游릭 Database connection re-established
2025-11-11 20:16:51 info: 游릭 Database connection re-established
2025-11-11 20:16:51 info: 游릭 Database connection re-established
2025-11-11 20:16:51 info: 游릭 Database connection re-established
2025-11-11 20:16:51 info: 游릭 Database connection re-established
2025-11-11 20:16:51 info: 游릭 Database connection re-established
2025-11-11 20:16:51 info: 游릭 Database connection re-established
2025-11-11 20:16:51 info: 游릭 Database connection re-established
2025-11-11 20:21:15 warn: 丘멆잺 Database connection lost. Attempting to reconnect...
2025-11-11 20:21:15 warn: 丘멆잺 Database connection lost. Attempting to reconnect...
2025-11-11 20:21:15 warn: 丘멆잺 Database connection lost. Attempting to reconnect...
2025-11-11 20:21:15 warn: 丘멆잺 Database connection lost. Attempting to reconnect...
2025-11-11 20:21:15 warn: 丘멆잺 Database connection lost. Attempting to reconnect...
2025-11-11 20:21:15 warn: 丘멆잺 Database connection lost. Attempting to reconnect...
2025-11-11 20:21:15 warn: 丘멆잺 Database connection lost. Attempting to reconnect...
2025-11-11 20:21:15 warn: 丘멆잺 Database connection lost. Attempting to reconnect...
2025-11-11 20:21:15 warn: 丘멆잺 Database connection lost. Attempting to reconnect...
2025-11-11 20:21:17 info: 游릭 Database connection re-established
2025-11-11 20:21:17 info: 游릭 Database connection re-established
2025-11-11 20:21:17 info: 游릭 Database connection re-established
2025-11-11 20:21:17 info: 游릭 Database connection re-established
2025-11-11 20:21:17 info: 游릭 Database connection re-established
2025-11-11 20:21:17 info: 游릭 Database connection re-established
2025-11-11 20:21:17 info: 游릭 Database connection re-established
2025-11-11 20:21:17 info: 游릭 Database connection re-established
2025-11-11 20:21:17 info: 游릭 Database connection re-established
2025-11-11 20:24:01 warn: 丘멆잺 Database connection lost. Attempting to reconnect...
2025-11-11 20:24:01 warn: 丘멆잺 Database connection lost. Attempting to reconnect...
2025-11-11 20:24:01 warn: 丘멆잺 Database connection lost. Attempting to reconnect...
2025-11-11 20:24:01 warn: 丘멆잺 Database connection lost. Attempting to reconnect...
2025-11-11 20:24:01 warn: 丘멆잺 Database connection lost. Attempting to reconnect...
2025-11-11 20:24:01 warn: 丘멆잺 Database connection lost. Attempting to reconnect...
2025-11-11 20:24:01 warn: 丘멆잺 Database connection lost. Attempting to reconnect...
2025-11-11 20:24:01 warn: 丘멆잺 Database connection lost. Attempting to reconnect...
2025-11-11 20:24:01 warn: 丘멆잺 Database connection lost. Attempting to reconnect...
2025-11-11 20:24:03 info: 游릭 Database connection re-established
2025-11-11 20:24:03 info: 游릭 Database connection re-established
2025-11-11 20:24:03 info: 游릭 Database connection re-established
2025-11-11 20:24:03 info: 游릭 Database connection re-established
2025-11-11 20:24:03 info: 游릭 Database connection re-established
2025-11-11 20:24:03 info: 游릭 Database connection re-established
2025-11-11 20:24:03 info: 游릭 Database connection re-established
2025-11-11 20:24:03 info: 游릭 Database connection re-established
2025-11-11 20:24:03 info: 游릭 Database connection re-established
2025-11-11 20:27:35 warn: 丘멆잺 Database connection lost. Attempting to reconnect...
2025-11-11 20:27:35 warn: 丘멆잺 Database connection lost. Attempting to reconnect...
2025-11-11 20:27:35 warn: 丘멆잺 Database connection lost. Attempting to reconnect...
2025-11-11 20:27:35 warn: 丘멆잺 Database connection lost. Attempting to reconnect...
2025-11-11 20:27:35 warn: 丘멆잺 Database connection lost. Attempting to reconnect...
2025-11-11 20:27:35 warn: 丘멆잺 Database connection lost. Attempting to reconnect...
2025-11-11 20:27:35 warn: 丘멆잺 Database connection lost. Attempting to reconnect...
2025-11-11 20:27:35 warn: 丘멆잺 Database connection lost. Attempting to reconnect...
2025-11-11 20:27:35 warn: 丘멆잺 Database connection lost. Attempting to reconnect...
2025-11-11 20:27:37 info: 游릭 Database connection re-established
2025-11-11 20:27:37 info: 游릭 Database connection re-established
2025-11-11 20:27:37 info: 游릭 Database connection re-established
2025-11-11 20:27:37 info: 游릭 Database connection re-established
2025-11-11 20:27:37 info: 游릭 Database connection re-established
2025-11-11 20:27:37 info: 游릭 Database connection re-established
2025-11-11 20:27:37 info: 游릭 Database connection re-established
2025-11-11 20:27:37 info: 游릭 Database connection re-established
2025-11-11 20:27:37 info: 游릭 Database connection re-established
2025-11-11 20:44:42 warn: 丘멆잺 Database connection lost. Attempting to reconnect...
2025-11-11 20:44:42 warn: 丘멆잺 Database connection lost. Attempting to reconnect...
2025-11-11 20:44:42 warn: 丘멆잺 Database connection lost. Attempting to reconnect...
2025-11-11 20:44:42 warn: 丘멆잺 Database connection lost. Attempting to reconnect...
2025-11-11 20:44:42 warn: 丘멆잺 Database connection lost. Attempting to reconnect...
2025-11-11 20:44:42 warn: 丘멆잺 Database connection lost. Attempting to reconnect...
2025-11-11 20:44:42 warn: 丘멆잺 Database connection lost. Attempting to reconnect...
2025-11-11 20:44:42 warn: 丘멆잺 Database connection lost. Attempting to reconnect...
2025-11-11 20:44:42 warn: 丘멆잺 Database connection lost. Attempting to reconnect...
2025-11-11 20:44:44 info: 游릭 Database connection re-established
2025-11-11 20:44:44 info: 游릭 Database connection re-established
2025-11-11 20:44:44 info: 游릭 Database connection re-established
2025-11-11 20:44:44 info: 游릭 Database connection re-established
2025-11-11 20:44:44 info: 游릭 Database connection re-established
2025-11-11 20:44:44 info: 游릭 Database connection re-established
2025-11-11 20:44:44 info: 游릭 Database connection re-established
2025-11-11 20:44:44 info: 游릭 Database connection re-established
2025-11-11 20:44:44 info: 游릭 Database connection re-established
2025-11-11 21:01:05 warn: 丘멆잺 Database connection lost. Attempting to reconnect...
2025-11-11 21:01:05 warn: 丘멆잺 Database connection lost. Attempting to reconnect...
2025-11-11 21:01:05 warn: 丘멆잺 Database connection lost. Attempting to reconnect...
2025-11-11 21:01:05 warn: 丘멆잺 Database connection lost. Attempting to reconnect...
2025-11-11 21:01:05 warn: 丘멆잺 Database connection lost. Attempting to reconnect...
2025-11-11 21:01:05 warn: 丘멆잺 Database connection lost. Attempting to reconnect...
2025-11-11 21:01:05 warn: 丘멆잺 Database connection lost. Attempting to reconnect...
2025-11-11 21:01:05 warn: 丘멆잺 Database connection lost. Attempting to reconnect...
2025-11-11 21:01:05 warn: 丘멆잺 Database connection lost. Attempting to reconnect...
2025-11-11 21:01:07 info: 游릭 Database connection re-established
2025-11-11 21:01:07 info: 游릭 Database connection re-established
2025-11-11 21:01:07 info: 游릭 Database connection re-established
2025-11-11 21:01:07 info: 游릭 Database connection re-established
2025-11-11 21:01:07 info: 游릭 Database connection re-established
2025-11-11 21:01:07 info: 游릭 Database connection re-established
2025-11-11 21:01:07 info: 游릭 Database connection re-established
2025-11-11 21:01:07 info: 游릭 Database connection re-established
2025-11-11 21:01:07 info: 游릭 Database connection re-established
2025-11-11 21:03:05 warn: 丘멆잺 Database connection lost. Attempting to reconnect...
2025-11-11 21:03:05 warn: 丘멆잺 Database connection lost. Attempting to reconnect...
2025-11-11 21:03:05 warn: 丘멆잺 Database connection lost. Attempting to reconnect...
2025-11-11 21:03:05 warn: 丘멆잺 Database connection lost. Attempting to reconnect...
2025-11-11 21:03:05 warn: 丘멆잺 Database connection lost. Attempting to reconnect...
2025-11-11 21:03:05 warn: 丘멆잺 Database connection lost. Attempting to reconnect...
2025-11-11 21:03:05 warn: 丘멆잺 Database connection lost. Attempting to reconnect...
2025-11-11 21:03:05 warn: 丘멆잺 Database connection lost. Attempting to reconnect...
2025-11-11 21:03:05 warn: 丘멆잺 Database connection lost. Attempting to reconnect...
2025-11-11 21:03:07 info: 游릭 Database connection re-established
2025-11-11 21:03:07 info: 游릭 Database connection re-established
2025-11-11 21:03:07 info: 游릭 Database connection re-established
2025-11-11 21:03:07 info: 游릭 Database connection re-established
2025-11-11 21:03:07 info: 游릭 Database connection re-established
2025-11-11 21:03:07 info: 游릭 Database connection re-established
2025-11-11 21:03:07 info: 游릭 Database connection re-established
2025-11-11 21:03:07 info: 游릭 Database connection re-established
2025-11-11 21:03:07 info: 游릭 Database connection re-established
2025-11-11 21:05:18 warn: 丘멆잺 Database connection lost. Attempting to reconnect...
2025-11-11 21:05:18 warn: 丘멆잺 Database connection lost. Attempting to reconnect...
2025-11-11 21:05:18 warn: 丘멆잺 Database connection lost. Attempting to reconnect...
2025-11-11 21:05:18 warn: 丘멆잺 Database connection lost. Attempting to reconnect...
2025-11-11 21:05:18 warn: 丘멆잺 Database connection lost. Attempting to reconnect...
2025-11-11 21:05:18 warn: 丘멆잺 Database connection lost. Attempting to reconnect...
2025-11-11 21:05:18 warn: 丘멆잺 Database connection lost. Attempting to reconnect...
2025-11-11 21:05:18 warn: 丘멆잺 Database connection lost. Attempting to reconnect...
2025-11-11 21:05:18 warn: 丘멆잺 Database connection lost. Attempting to reconnect...
2025-11-11 21:05:20 info: 游릭 Database connection re-established
2025-11-11 21:05:20 info: 游릭 Database connection re-established
2025-11-11 21:05:20 info: 游릭 Database connection re-established
2025-11-11 21:05:20 info: 游릭 Database connection re-established
2025-11-11 21:05:20 info: 游릭 Database connection re-established
2025-11-11 21:05:20 info: 游릭 Database connection re-established
2025-11-11 21:05:20 info: 游릭 Database connection re-established
2025-11-11 21:05:20 info: 游릭 Database connection re-established
2025-11-11 21:05:20 info: 游릭 Database connection re-established
2025-11-11 21:07:13 warn: 丘멆잺 Database connection lost. Attempting to reconnect...
2025-11-11 21:07:13 warn: 丘멆잺 Database connection lost. Attempting to reconnect...
2025-11-11 21:07:13 warn: 丘멆잺 Database connection lost. Attempting to reconnect...
2025-11-11 21:07:13 warn: 丘멆잺 Database connection lost. Attempting to reconnect...
2025-11-11 21:07:13 warn: 丘멆잺 Database connection lost. Attempting to reconnect...
2025-11-11 21:07:13 warn: 丘멆잺 Database connection lost. Attempting to reconnect...
2025-11-11 21:07:13 warn: 丘멆잺 Database connection lost. Attempting to reconnect...
2025-11-11 21:07:13 warn: 丘멆잺 Database connection lost. Attempting to reconnect...
2025-11-11 21:07:13 warn: 丘멆잺 Database connection lost. Attempting to reconnect...
2025-11-11 21:07:15 info: 游릭 Database connection re-established
2025-11-11 21:07:15 info: 游릭 Database connection re-established
2025-11-11 21:07:15 info: 游릭 Database connection re-established
2025-11-11 21:07:15 info: 游릭 Database connection re-established
2025-11-11 21:07:15 info: 游릭 Database connection re-established
2025-11-11 21:07:15 info: 游릭 Database connection re-established
2025-11-11 21:07:15 info: 游릭 Database connection re-established
2025-11-11 21:07:15 info: 游릭 Database connection re-established
2025-11-11 21:07:15 info: 游릭 Database connection re-established
2025-11-11 21:09:10 warn: 丘멆잺 Database connection lost. Attempting to reconnect...
2025-11-11 21:09:10 warn: 丘멆잺 Database connection lost. Attempting to reconnect...
2025-11-11 21:09:10 warn: 丘멆잺 Database connection lost. Attempting to reconnect...
2025-11-11 21:09:10 warn: 丘멆잺 Database connection lost. Attempting to reconnect...
2025-11-11 21:09:10 warn: 丘멆잺 Database connection lost. Attempting to reconnect...
2025-11-11 21:09:10 warn: 丘멆잺 Database connection lost. Attempting to reconnect...
2025-11-11 21:09:10 warn: 丘멆잺 Database connection lost. Attempting to reconnect...
2025-11-11 21:09:10 warn: 丘멆잺 Database connection lost. Attempting to reconnect...
2025-11-11 21:09:10 warn: 丘멆잺 Database connection lost. Attempting to reconnect...
2025-11-11 21:09:12 info: 游릭 Database connection re-established
2025-11-11 21:09:12 info: 游릭 Database connection re-established
2025-11-11 21:09:12 info: 游릭 Database connection re-established
2025-11-11 21:09:12 info: 游릭 Database connection re-established
2025-11-11 21:09:12 info: 游릭 Database connection re-established
2025-11-11 21:09:12 info: 游릭 Database connection re-established
2025-11-11 21:09:12 info: 游릭 Database connection re-established
2025-11-11 21:09:12 info: 游릭 Database connection re-established
2025-11-11 21:09:12 info: 游릭 Database connection re-established
2025-11-11 21:11:06 warn: 丘멆잺 Database connection lost. Attempting to reconnect...
2025-11-11 21:11:06 warn: 丘멆잺 Database connection lost. Attempting to reconnect...
2025-11-11 21:11:06 warn: 丘멆잺 Database connection lost. Attempting to reconnect...
2025-11-11 21:11:06 warn: 丘멆잺 Database connection lost. Attempting to reconnect...
2025-11-11 21:11:06 warn: 丘멆잺 Database connection lost. Attempting to reconnect...
2025-11-11 21:11:06 warn: 丘멆잺 Database connection lost. Attempting to reconnect...
2025-11-11 21:11:06 warn: 丘멆잺 Database connection lost. Attempting to reconnect...
2025-11-11 21:11:06 warn: 丘멆잺 Database connection lost. Attempting to reconnect...
2025-11-11 21:11:06 warn: 丘멆잺 Database connection lost. Attempting to reconnect...
2025-11-11 21:11:08 info: 游릭 Database connection re-established
2025-11-11 21:11:08 info: 游릭 Database connection re-established
2025-11-11 21:11:08 info: 游릭 Database connection re-established
2025-11-11 21:11:08 info: 游릭 Database connection re-established
2025-11-11 21:11:08 info: 游릭 Database connection re-established
2025-11-11 21:11:08 info: 游릭 Database connection re-established
2025-11-11 21:11:08 info: 游릭 Database connection re-established
2025-11-11 21:11:08 info: 游릭 Database connection re-established
2025-11-11 21:11:08 info: 游릭 Database connection re-established
2025-11-11 21:13:02 warn: 丘멆잺 Database connection lost. Attempting to reconnect...
2025-11-11 21:13:02 warn: 丘멆잺 Database connection lost. Attempting to reconnect...
2025-11-11 21:13:02 warn: 丘멆잺 Database connection lost. Attempting to reconnect...
2025-11-11 21:13:02 warn: 丘멆잺 Database connection lost. Attempting to reconnect...
2025-11-11 21:13:02 warn: 丘멆잺 Database connection lost. Attempting to reconnect...
2025-11-11 21:13:02 warn: 丘멆잺 Database connection lost. Attempting to reconnect...
2025-11-11 21:13:02 warn: 丘멆잺 Database connection lost. Attempting to reconnect...
2025-11-11 21:13:02 warn: 丘멆잺 Database connection lost. Attempting to reconnect...
2025-11-11 21:13:02 warn: 丘멆잺 Database connection lost. Attempting to reconnect...
2025-11-11 21:13:04 info: 游릭 Database connection re-established
2025-11-11 21:13:04 info: 游릭 Database connection re-established
2025-11-11 21:13:04 info: 游릭 Database connection re-established
2025-11-11 21:13:04 info: 游릭 Database connection re-established
2025-11-11 21:13:04 info: 游릭 Database connection re-established
2025-11-11 21:13:04 info: 游릭 Database connection re-established
2025-11-11 21:13:04 info: 游릭 Database connection re-established
2025-11-11 21:13:04 info: 游릭 Database connection re-established
2025-11-11 21:13:04 info: 游릭 Database connection re-established
2025-11-11 21:14:59 warn: 丘멆잺 Database connection lost. Attempting to reconnect...
2025-11-11 21:14:59 warn: 丘멆잺 Database connection lost. Attempting to reconnect...
2025-11-11 21:14:59 warn: 丘멆잺 Database connection lost. Attempting to reconnect...
2025-11-11 21:14:59 warn: 丘멆잺 Database connection lost. Attempting to reconnect...
2025-11-11 21:14:59 warn: 丘멆잺 Database connection lost. Attempting to reconnect...
2025-11-11 21:14:59 warn: 丘멆잺 Database connection lost. Attempting to reconnect...
2025-11-11 21:14:59 warn: 丘멆잺 Database connection lost. Attempting to reconnect...
2025-11-11 21:14:59 warn: 丘멆잺 Database connection lost. Attempting to reconnect...
2025-11-11 21:14:59 warn: 丘멆잺 Database connection lost. Attempting to reconnect...
2025-11-11 21:15:01 info: 游릭 Database connection re-established
2025-11-11 21:15:01 info: 游릭 Database connection re-established
2025-11-11 21:15:01 info: 游릭 Database connection re-established
2025-11-11 21:15:01 info: 游릭 Database connection re-established
2025-11-11 21:15:01 info: 游릭 Database connection re-established
2025-11-11 21:15:01 info: 游릭 Database connection re-established
2025-11-11 21:15:01 info: 游릭 Database connection re-established
2025-11-11 21:15:01 info: 游릭 Database connection re-established
2025-11-11 21:15:01 info: 游릭 Database connection re-established
2025-11-11 21:36:09 warn: 丘멆잺 Database connection lost. Attempting to reconnect...
2025-11-11 21:36:09 warn: 丘멆잺 Database connection lost. Attempting to reconnect...
2025-11-11 21:36:09 warn: 丘멆잺 Database connection lost. Attempting to reconnect...
2025-11-11 21:36:09 warn: 丘멆잺 Database connection lost. Attempting to reconnect...
2025-11-11 21:36:09 warn: 丘멆잺 Database connection lost. Attempting to reconnect...
2025-11-11 21:36:09 warn: 丘멆잺 Database connection lost. Attempting to reconnect...
2025-11-11 21:36:09 warn: 丘멆잺 Database connection lost. Attempting to reconnect...
2025-11-11 21:36:09 warn: 丘멆잺 Database connection lost. Attempting to reconnect...
2025-11-11 21:36:09 warn: 丘멆잺 Database connection lost. Attempting to reconnect...
2025-11-11 21:36:11 info: 游릭 Database connection re-established
2025-11-11 21:36:11 info: 游릭 Database connection re-established
2025-11-11 21:36:11 info: 游릭 Database connection re-established
2025-11-11 21:36:11 info: 游릭 Database connection re-established
2025-11-11 21:36:11 info: 游릭 Database connection re-established
2025-11-11 21:36:11 info: 游릭 Database connection re-established
2025-11-11 21:36:11 info: 游릭 Database connection re-established
2025-11-11 21:36:11 info: 游릭 Database connection re-established
2025-11-11 21:36:11 info: 游릭 Database connection re-established
2025-11-11 21:38:06 warn: 丘멆잺 Database connection lost. Attempting to reconnect...
2025-11-11 21:38:06 warn: 丘멆잺 Database connection lost. Attempting to reconnect...
2025-11-11 21:38:06 warn: 丘멆잺 Database connection lost. Attempting to reconnect...
2025-11-11 21:38:06 warn: 丘멆잺 Database connection lost. Attempting to reconnect...
2025-11-11 21:38:06 warn: 丘멆잺 Database connection lost. Attempting to reconnect...
2025-11-11 21:38:06 warn: 丘멆잺 Database connection lost. Attempting to reconnect...
2025-11-11 21:38:06 warn: 丘멆잺 Database connection lost. Attempting to reconnect...
2025-11-11 21:38:06 warn: 丘멆잺 Database connection lost. Attempting to reconnect...
2025-11-11 21:38:06 warn: 丘멆잺 Database connection lost. Attempting to reconnect...
2025-11-11 21:38:08 info: 游릭 Database connection re-established
2025-11-11 21:38:08 info: 游릭 Database connection re-established
2025-11-11 21:38:08 info: 游릭 Database connection re-established
2025-11-11 21:38:08 info: 游릭 Database connection re-established
2025-11-11 21:38:08 info: 游릭 Database connection re-established
2025-11-11 21:38:08 info: 游릭 Database connection re-established
2025-11-11 21:38:08 info: 游릭 Database connection re-established
2025-11-11 21:38:08 info: 游릭 Database connection re-established
2025-11-11 21:38:08 info: 游릭 Database connection re-established
2025-11-11 21:40:04 warn: 丘멆잺 Database connection lost. Attempting to reconnect...
2025-11-11 21:40:04 warn: 丘멆잺 Database connection lost. Attempting to reconnect...
2025-11-11 21:40:04 warn: 丘멆잺 Database connection lost. Attempting to reconnect...
2025-11-11 21:40:04 warn: 丘멆잺 Database connection lost. Attempting to reconnect...
2025-11-11 21:40:04 warn: 丘멆잺 Database connection lost. Attempting to reconnect...
2025-11-11 21:40:04 warn: 丘멆잺 Database connection lost. Attempting to reconnect...
2025-11-11 21:40:04 warn: 丘멆잺 Database connection lost. Attempting to reconnect...
2025-11-11 21:40:04 warn: 丘멆잺 Database connection lost. Attempting to reconnect...
2025-11-11 21:40:04 warn: 丘멆잺 Database connection lost. Attempting to reconnect...
2025-11-11 21:40:06 info: 游릭 Database connection re-established
2025-11-11 21:40:06 info: 游릭 Database connection re-established
2025-11-11 21:40:06 info: 游릭 Database connection re-established
2025-11-11 21:40:06 info: 游릭 Database connection re-established
2025-11-11 21:40:06 info: 游릭 Database connection re-established
2025-11-11 21:40:06 info: 游릭 Database connection re-established
2025-11-11 21:40:06 info: 游릭 Database connection re-established
2025-11-11 21:40:06 info: 游릭 Database connection re-established
2025-11-11 21:40:06 info: 游릭 Database connection re-established
2025-11-11 21:42:01 warn: 丘멆잺 Database connection lost. Attempting to reconnect...
2025-11-11 21:42:01 warn: 丘멆잺 Database connection lost. Attempting to reconnect...
2025-11-11 21:42:01 warn: 丘멆잺 Database connection lost. Attempting to reconnect...
2025-11-11 21:42:01 warn: 丘멆잺 Database connection lost. Attempting to reconnect...
2025-11-11 21:42:01 warn: 丘멆잺 Database connection lost. Attempting to reconnect...
2025-11-11 21:42:01 warn: 丘멆잺 Database connection lost. Attempting to reconnect...
2025-11-11 21:42:01 warn: 丘멆잺 Database connection lost. Attempting to reconnect...
2025-11-11 21:42:01 warn: 丘멆잺 Database connection lost. Attempting to reconnect...
2025-11-11 21:42:01 warn: 丘멆잺 Database connection lost. Attempting to reconnect...
2025-11-11 21:42:03 info: 游릭 Database connection re-established
2025-11-11 21:42:03 info: 游릭 Database connection re-established
2025-11-11 21:42:03 info: 游릭 Database connection re-established
2025-11-11 21:42:03 info: 游릭 Database connection re-established
2025-11-11 21:42:03 info: 游릭 Database connection re-established
2025-11-11 21:42:03 info: 游릭 Database connection re-established
2025-11-11 21:42:03 info: 游릭 Database connection re-established
2025-11-11 21:42:03 info: 游릭 Database connection re-established
2025-11-11 21:42:03 info: 游릭 Database connection re-established
2025-11-11 21:43:55 warn: 丘멆잺 Database connection lost. Attempting to reconnect...
2025-11-11 21:43:55 warn: 丘멆잺 Database connection lost. Attempting to reconnect...
2025-11-11 21:43:55 warn: 丘멆잺 Database connection lost. Attempting to reconnect...
2025-11-11 21:43:55 warn: 丘멆잺 Database connection lost. Attempting to reconnect...
2025-11-11 21:43:55 warn: 丘멆잺 Database connection lost. Attempting to reconnect...
2025-11-11 21:43:55 warn: 丘멆잺 Database connection lost. Attempting to reconnect...
2025-11-11 21:43:55 warn: 丘멆잺 Database connection lost. Attempting to reconnect...
2025-11-11 21:43:55 warn: 丘멆잺 Database connection lost. Attempting to reconnect...
2025-11-11 21:43:55 warn: 丘멆잺 Database connection lost. Attempting to reconnect...
2025-11-11 21:43:57 info: 游릭 Database connection re-established
2025-11-11 21:43:57 info: 游릭 Database connection re-established
2025-11-11 21:43:57 info: 游릭 Database connection re-established
2025-11-11 21:43:57 info: 游릭 Database connection re-established
2025-11-11 21:43:57 info: 游릭 Database connection re-established
2025-11-11 21:43:57 info: 游릭 Database connection re-established
2025-11-11 21:43:57 info: 游릭 Database connection re-established
2025-11-11 21:43:57 info: 游릭 Database connection re-established
2025-11-11 21:43:57 info: 游릭 Database connection re-established
2025-11-11 21:45:51 warn: 丘멆잺 Database connection lost. Attempting to reconnect...
2025-11-11 21:45:51 warn: 丘멆잺 Database connection lost. Attempting to reconnect...
2025-11-11 21:45:51 warn: 丘멆잺 Database connection lost. Attempting to reconnect...
2025-11-11 21:45:51 warn: 丘멆잺 Database connection lost. Attempting to reconnect...
2025-11-11 21:45:51 warn: 丘멆잺 Database connection lost. Attempting to reconnect...
2025-11-11 21:45:51 warn: 丘멆잺 Database connection lost. Attempting to reconnect...
2025-11-11 21:45:51 warn: 丘멆잺 Database connection lost. Attempting to reconnect...
2025-11-11 21:45:51 warn: 丘멆잺 Database connection lost. Attempting to reconnect...
2025-11-11 21:45:51 warn: 丘멆잺 Database connection lost. Attempting to reconnect...
2025-11-11 21:45:53 info: 游릭 Database connection re-established
2025-11-11 21:45:53 info: 游릭 Database connection re-established
2025-11-11 21:45:53 info: 游릭 Database connection re-established
2025-11-11 21:45:53 info: 游릭 Database connection re-established
2025-11-11 21:45:53 info: 游릭 Database connection re-established
2025-11-11 21:45:53 info: 游릭 Database connection re-established
2025-11-11 21:45:53 info: 游릭 Database connection re-established
2025-11-11 21:45:53 info: 游릭 Database connection re-established
2025-11-11 21:45:53 info: 游릭 Database connection re-established
2025-11-11 21:47:48 warn: 丘멆잺 Database connection lost. Attempting to reconnect...
2025-11-11 21:47:48 warn: 丘멆잺 Database connection lost. Attempting to reconnect...
2025-11-11 21:47:48 warn: 丘멆잺 Database connection lost. Attempting to reconnect...
2025-11-11 21:47:48 warn: 丘멆잺 Database connection lost. Attempting to reconnect...
2025-11-11 21:47:48 warn: 丘멆잺 Database connection lost. Attempting to reconnect...
2025-11-11 21:47:48 warn: 丘멆잺 Database connection lost. Attempting to reconnect...
2025-11-11 21:47:48 warn: 丘멆잺 Database connection lost. Attempting to reconnect...
2025-11-11 21:47:48 warn: 丘멆잺 Database connection lost. Attempting to reconnect...
2025-11-11 21:47:48 warn: 丘멆잺 Database connection lost. Attempting to reconnect...
2025-11-11 21:47:50 info: 游릭 Database connection re-established
2025-11-11 21:47:50 info: 游릭 Database connection re-established
2025-11-11 21:47:50 info: 游릭 Database connection re-established
2025-11-11 21:47:50 info: 游릭 Database connection re-established
2025-11-11 21:47:50 info: 游릭 Database connection re-established
2025-11-11 21:47:50 info: 游릭 Database connection re-established
2025-11-11 21:47:50 info: 游릭 Database connection re-established
2025-11-11 21:47:50 info: 游릭 Database connection re-established
2025-11-11 21:47:50 info: 游릭 Database connection re-established
2025-11-11 21:49:42 warn: 丘멆잺 Database connection lost. Attempting to reconnect...
2025-11-11 21:49:42 warn: 丘멆잺 Database connection lost. Attempting to reconnect...
2025-11-11 21:49:42 warn: 丘멆잺 Database connection lost. Attempting to reconnect...
2025-11-11 21:49:42 warn: 丘멆잺 Database connection lost. Attempting to reconnect...
2025-11-11 21:49:42 warn: 丘멆잺 Database connection lost. Attempting to reconnect...
2025-11-11 21:49:42 warn: 丘멆잺 Database connection lost. Attempting to reconnect...
2025-11-11 21:49:42 warn: 丘멆잺 Database connection lost. Attempting to reconnect...
2025-11-11 21:49:42 warn: 丘멆잺 Database connection lost. Attempting to reconnect...
2025-11-11 21:49:42 warn: 丘멆잺 Database connection lost. Attempting to reconnect...
2025-11-11 21:49:44 info: 游릭 Database connection re-established
2025-11-11 21:49:44 info: 游릭 Database connection re-established
2025-11-11 21:49:44 info: 游릭 Database connection re-established
2025-11-11 21:49:44 info: 游릭 Database connection re-established
2025-11-11 21:49:44 info: 游릭 Database connection re-established
2025-11-11 21:49:44 info: 游릭 Database connection re-established
2025-11-11 21:49:44 info: 游릭 Database connection re-established
2025-11-11 21:49:44 info: 游릭 Database connection re-established
2025-11-11 21:49:44 info: 游릭 Database connection re-established
